-------------------------------------------------------------------------------
Test set: com.example.LoginCourierTest
-------------------------------------------------------------------------------
Tests run: 10, Failures: 2, Errors: 0, Skipped: 0, Time elapsed: 127.697 s <<< FAILURE! - in com.example.LoginCourierTest
testCourierCannotLoginWithoutPassword(com.example.LoginCourierTest)  Time elapsed: 60.865 s  <<< FAILURE!
java.lang.AssertionError: 
При отсутствии в JSON пароля - ответ сервера не 400
Expected: <400>
     but: was <504>
	at com.example.LoginCourierTest.testCourierCannotLoginWithoutPassword(LoginCourierTest.java:132)

testCourierCannotLoginWithoutCredentials(com.example.LoginCourierTest)  Time elapsed: 60.872 s  <<< FAILURE!
java.lang.AssertionError: 
При отсутствии в JSON логина и пароля - ответ сервера не 400
Expected: <400>
     but: was <504>
	at com.example.LoginCourierTest.testCourierCannotLoginWithoutCredentials(LoginCourierTest.java:142)

